<?xml version="1.0" encoding="UTF-8"?>
<!-- Generated by org.testng.reporters.JUnitXMLReporter -->
<testsuite ignored="0" hostname="LTIN574603" failures="0" tests="3" name="Default test" time="34.04" errors="0" timestamp="2025-02-04T22:48:28 IST">
  <testcase classname="com.cts.tests.Tests" name="testSearchFunctionality" time="6.828"/>
  <testcase classname="com.cts.tests.Tests" name="testPriceFilterFunctionality" time="3.613"/>
  <testcase classname="com.cts.tests.Tests" name="testProductDataExtraction" time="0.166"/>
</testsuite> <!-- Default test -->
